{"C:\\Users\\thele\\Documents\\GitHub\\HW1\\HW4\\cen4010-prin-soft-eng-hw4-BrooksRE\\studentserver.js": {"path":"C:\\Users\\thele\\Documents\\GitHub\\HW1\\HW4\\cen4010-prin-soft-eng-hw4-BrooksRE\\studentserver.js","statementMap":{"0":{"start":{"line":3,"column":16},"end":{"line":3,"column":34}},"1":{"start":{"line":4,"column":12},"end":{"line":4,"column":21}},"2":{"start":{"line":5,"column":19},"end":{"line":5,"column":41}},"3":{"start":{"line":6,"column":11},"end":{"line":6,"column":24}},"4":{"start":{"line":7,"column":13},"end":{"line":7,"column":28}},"5":{"start":{"line":8,"column":17},"end":{"line":8,"column":30}},"6":{"start":{"line":10,"column":21},"end":{"line":10,"column":45}},"7":{"start":{"line":11,"column":18},"end":{"line":11,"column":47}},"8":{"start":{"line":12,"column":23},"end":{"line":21,"column":1}},"9":{"start":{"line":23,"column":20},"end":{"line":23,"column":48}},"10":{"start":{"line":24,"column":0},"end":{"line":24,"column":67}},"11":{"start":{"line":26,"column":0},"end":{"line":26,"column":27}},"12":{"start":{"line":27,"column":0},"end":{"line":27,"column":51}},"13":{"start":{"line":28,"column":0},"end":{"line":28,"column":36}},"14":{"start":{"line":30,"column":0},"end":{"line":33,"column":3}},"15":{"start":{"line":31,"column":4},"end":{"line":31,"column":48}},"16":{"start":{"line":32,"column":4},"end":{"line":32,"column":11}},"17":{"start":{"line":75,"column":0},"end":{"line":123,"column":3}},"18":{"start":{"line":76,"column":20},"end":{"line":76,"column":40}},"19":{"start":{"line":78,"column":14},"end":{"line":78,"column":16}},"20":{"start":{"line":79,"column":4},"end":{"line":79,"column":30}},"21":{"start":{"line":80,"column":4},"end":{"line":80,"column":41}},"22":{"start":{"line":81,"column":4},"end":{"line":81,"column":39}},"23":{"start":{"line":82,"column":4},"end":{"line":82,"column":27}},"24":{"start":{"line":83,"column":4},"end":{"line":83,"column":37}},"25":{"start":{"line":85,"column":14},"end":{"line":85,"column":42}},"26":{"start":{"line":86,"column":15},"end":{"line":86,"column":28}},"27":{"start":{"line":88,"column":16},"end":{"line":88,"column":26}},"28":{"start":{"line":90,"column":4},"end":{"line":122,"column":7}},"29":{"start":{"line":91,"column":8},"end":{"line":101,"column":9}},"30":{"start":{"line":92,"column":12},"end":{"line":98,"column":15}},"31":{"start":{"line":93,"column":16},"end":{"line":97,"column":17}},"32":{"start":{"line":94,"column":20},"end":{"line":94,"column":39}},"33":{"start":{"line":96,"column":20},"end":{"line":96,"column":67}},"34":{"start":{"line":100,"column":12},"end":{"line":100,"column":53}},"35":{"start":{"line":103,"column":8},"end":{"line":107,"column":9}},"36":{"start":{"line":104,"column":26},"end":{"line":104,"column":28}},"37":{"start":{"line":105,"column":12},"end":{"line":105,"column":74}},"38":{"start":{"line":106,"column":12},"end":{"line":106,"column":49}},"39":{"start":{"line":110,"column":8},"end":{"line":121,"column":11}},"40":{"start":{"line":111,"column":26},"end":{"line":111,"column":28}},"41":{"start":{"line":112,"column":12},"end":{"line":120,"column":13}},"42":{"start":{"line":113,"column":16},"end":{"line":113,"column":39}},"43":{"start":{"line":114,"column":16},"end":{"line":114,"column":70}},"44":{"start":{"line":115,"column":16},"end":{"line":115,"column":53}},"45":{"start":{"line":117,"column":16},"end":{"line":117,"column":46}},"46":{"start":{"line":118,"column":16},"end":{"line":118,"column":57}},"47":{"start":{"line":119,"column":16},"end":{"line":119,"column":53}},"48":{"start":{"line":144,"column":0},"end":{"line":157,"column":3}},"49":{"start":{"line":145,"column":20},"end":{"line":145,"column":40}},"50":{"start":{"line":147,"column":4},"end":{"line":156,"column":7}},"51":{"start":{"line":148,"column":8},"end":{"line":155,"column":9}},"52":{"start":{"line":149,"column":26},"end":{"line":149,"column":28}},"53":{"start":{"line":150,"column":12},"end":{"line":150,"column":42}},"54":{"start":{"line":151,"column":12},"end":{"line":151,"column":59}},"55":{"start":{"line":152,"column":12},"end":{"line":152,"column":49}},"56":{"start":{"line":154,"column":12},"end":{"line":154,"column":46}},"57":{"start":{"line":160,"column":4},"end":{"line":160,"column":24}},"58":{"start":{"line":161,"column":4},"end":{"line":162,"column":15}},"59":{"start":{"line":162,"column":8},"end":{"line":162,"column":15}},"60":{"start":{"line":163,"column":4},"end":{"line":176,"column":7}},"61":{"start":{"line":164,"column":8},"end":{"line":175,"column":9}},"62":{"start":{"line":165,"column":12},"end":{"line":165,"column":88}},"63":{"start":{"line":167,"column":12},"end":{"line":167,"column":39}},"64":{"start":{"line":168,"column":12},"end":{"line":174,"column":13}},"65":{"start":{"line":169,"column":26},"end":{"line":169,"column":28}},"66":{"start":{"line":170,"column":16},"end":{"line":170,"column":35}},"67":{"start":{"line":171,"column":16},"end":{"line":171,"column":49}},"68":{"start":{"line":173,"column":16},"end":{"line":173,"column":43}},"69":{"start":{"line":191,"column":0},"end":{"line":204,"column":3}},"70":{"start":{"line":192,"column":4},"end":{"line":192,"column":31}},"71":{"start":{"line":193,"column":14},"end":{"line":193,"column":16}},"72":{"start":{"line":194,"column":14},"end":{"line":194,"column":16}},"73":{"start":{"line":195,"column":4},"end":{"line":195,"column":18}},"74":{"start":{"line":197,"column":4},"end":{"line":202,"column":7}},"75":{"start":{"line":198,"column":8},"end":{"line":200,"column":9}},"76":{"start":{"line":199,"column":12},"end":{"line":199,"column":88}},"77":{"start":{"line":201,"column":8},"end":{"line":201,"column":34}},"78":{"start":{"line":250,"column":0},"end":{"line":291,"column":3}},"79":{"start":{"line":251,"column":20},"end":{"line":251,"column":40}},"80":{"start":{"line":252,"column":16},"end":{"line":252,"column":49}},"81":{"start":{"line":253,"column":18},"end":{"line":253,"column":20}},"82":{"start":{"line":254,"column":14},"end":{"line":254,"column":16}},"83":{"start":{"line":256,"column":4},"end":{"line":256,"column":30}},"84":{"start":{"line":257,"column":4},"end":{"line":257,"column":41}},"85":{"start":{"line":258,"column":4},"end":{"line":258,"column":39}},"86":{"start":{"line":259,"column":4},"end":{"line":259,"column":27}},"87":{"start":{"line":260,"column":4},"end":{"line":260,"column":37}},"88":{"start":{"line":262,"column":14},"end":{"line":262,"column":42}},"89":{"start":{"line":265,"column":4},"end":{"line":289,"column":7}},"90":{"start":{"line":266,"column":8},"end":{"line":287,"column":9}},"91":{"start":{"line":269,"column":12},"end":{"line":280,"column":15}},"92":{"start":{"line":270,"column":30},"end":{"line":270,"column":32}},"93":{"start":{"line":271,"column":16},"end":{"line":279,"column":17}},"94":{"start":{"line":272,"column":20},"end":{"line":272,"column":50}},"95":{"start":{"line":273,"column":20},"end":{"line":273,"column":74}},"96":{"start":{"line":274,"column":20},"end":{"line":274,"column":57}},"97":{"start":{"line":276,"column":20},"end":{"line":276,"column":50}},"98":{"start":{"line":277,"column":20},"end":{"line":277,"column":61}},"99":{"start":{"line":278,"column":20},"end":{"line":278,"column":57}},"100":{"start":{"line":283,"column":12},"end":{"line":283,"column":42}},"101":{"start":{"line":284,"column":23},"end":{"line":284,"column":36}},"102":{"start":{"line":285,"column":12},"end":{"line":285,"column":59}},"103":{"start":{"line":286,"column":12},"end":{"line":286,"column":49}},"104":{"start":{"line":311,"column":0},"end":{"line":329,"column":3}},"105":{"start":{"line":312,"column":20},"end":{"line":312,"column":40}},"106":{"start":{"line":313,"column":16},"end":{"line":313,"column":49}},"107":{"start":{"line":315,"column":4},"end":{"line":326,"column":7}},"108":{"start":{"line":316,"column":22},"end":{"line":316,"column":24}},"109":{"start":{"line":317,"column":8},"end":{"line":325,"column":9}},"110":{"start":{"line":318,"column":12},"end":{"line":318,"column":42}},"111":{"start":{"line":319,"column":12},"end":{"line":319,"column":59}},"112":{"start":{"line":320,"column":12},"end":{"line":320,"column":49}},"113":{"start":{"line":322,"column":12},"end":{"line":322,"column":42}},"114":{"start":{"line":323,"column":12},"end":{"line":323,"column":47}},"115":{"start":{"line":324,"column":12},"end":{"line":324,"column":49}},"116":{"start":{"line":334,"column":25},"end":{"line":334,"column":44}},"117":{"start":{"line":335,"column":4},"end":{"line":348,"column":5}},"118":{"start":{"line":336,"column":28},"end":{"line":336,"column":82}},"119":{"start":{"line":339,"column":8},"end":{"line":347,"column":9}},"120":{"start":{"line":341,"column":12},"end":{"line":346,"column":13}},"121":{"start":{"line":345,"column":16},"end":{"line":345,"column":28}},"122":{"start":{"line":349,"column":4},"end":{"line":349,"column":17}},"123":{"start":{"line":351,"column":15},"end":{"line":351,"column":31}},"124":{"start":{"line":352,"column":0},"end":{"line":352,"column":36}},"125":{"start":{"line":353,"column":0},"end":{"line":353,"column":46}},"126":{"start":{"line":354,"column":0},"end":{"line":354,"column":55}},"127":{"start":{"line":356,"column":0},"end":{"line":359,"column":1}}},"fnMap":{"0":{"name":"(anonymous_0)","decl":{"start":{"line":30,"column":8},"end":{"line":30,"column":9}},"loc":{"start":{"line":30,"column":28},"end":{"line":33,"column":1}},"line":30},"1":{"name":"(anonymous_1)","decl":{"start":{"line":75,"column":22},"end":{"line":75,"column":23}},"loc":{"start":{"line":75,"column":41},"end":{"line":123,"column":1}},"line":75},"2":{"name":"(anonymous_2)","decl":{"start":{"line":90,"column":19},"end":{"line":90,"column":20}},"loc":{"start":{"line":90,"column":28},"end":{"line":122,"column":5}},"line":90},"3":{"name":"(anonymous_3)","decl":{"start":{"line":92,"column":26},"end":{"line":92,"column":27}},"loc":{"start":{"line":92,"column":35},"end":{"line":98,"column":13}},"line":92},"4":{"name":"(anonymous_4)","decl":{"start":{"line":110,"column":61},"end":{"line":110,"column":62}},"loc":{"start":{"line":110,"column":75},"end":{"line":121,"column":9}},"line":110},"5":{"name":"(anonymous_5)","decl":{"start":{"line":144,"column":32},"end":{"line":144,"column":33}},"loc":{"start":{"line":144,"column":51},"end":{"line":157,"column":1}},"line":144},"6":{"name":"(anonymous_6)","decl":{"start":{"line":147,"column":59},"end":{"line":147,"column":60}},"loc":{"start":{"line":147,"column":79},"end":{"line":156,"column":5}},"line":147},"7":{"name":"readFiles","decl":{"start":{"line":159,"column":9},"end":{"line":159,"column":18}},"loc":{"start":{"line":159,"column":36},"end":{"line":177,"column":1}},"line":159},"8":{"name":"(anonymous_8)","decl":{"start":{"line":163,"column":31},"end":{"line":163,"column":32}},"loc":{"start":{"line":163,"column":51},"end":{"line":176,"column":5}},"line":163},"9":{"name":"(anonymous_9)","decl":{"start":{"line":191,"column":21},"end":{"line":191,"column":22}},"loc":{"start":{"line":191,"column":40},"end":{"line":204,"column":1}},"line":191},"10":{"name":"(anonymous_10)","decl":{"start":{"line":197,"column":34},"end":{"line":197,"column":35}},"loc":{"start":{"line":197,"column":55},"end":{"line":202,"column":5}},"line":197},"11":{"name":"(anonymous_11)","decl":{"start":{"line":250,"column":32},"end":{"line":250,"column":33}},"loc":{"start":{"line":250,"column":51},"end":{"line":291,"column":1}},"line":250},"12":{"name":"(anonymous_12)","decl":{"start":{"line":265,"column":19},"end":{"line":265,"column":20}},"loc":{"start":{"line":265,"column":33},"end":{"line":289,"column":5}},"line":265},"13":{"name":"(anonymous_13)","decl":{"start":{"line":269,"column":65},"end":{"line":269,"column":66}},"loc":{"start":{"line":269,"column":79},"end":{"line":280,"column":13}},"line":269},"14":{"name":"(anonymous_14)","decl":{"start":{"line":311,"column":35},"end":{"line":311,"column":36}},"loc":{"start":{"line":311,"column":54},"end":{"line":329,"column":1}},"line":311},"15":{"name":"(anonymous_15)","decl":{"start":{"line":315,"column":21},"end":{"line":315,"column":22}},"loc":{"start":{"line":315,"column":35},"end":{"line":326,"column":5}},"line":315},"16":{"name":"checkStudentExists","decl":{"start":{"line":333,"column":9},"end":{"line":333,"column":27}},"loc":{"start":{"line":333,"column":56},"end":{"line":350,"column":1}},"line":333}},"branchMap":{"0":{"loc":{"start":{"line":91,"column":8},"end":{"line":101,"column":9}},"type":"if","locations":[{"start":{"line":91,"column":8},"end":{"line":101,"column":9}},{"start":{"line":99,"column":15},"end":{"line":101,"column":9}}],"line":91},"1":{"loc":{"start":{"line":93,"column":16},"end":{"line":97,"column":17}},"type":"if","locations":[{"start":{"line":93,"column":16},"end":{"line":97,"column":17}},{"start":{"line":95,"column":23},"end":{"line":97,"column":17}}],"line":93},"2":{"loc":{"start":{"line":103,"column":8},"end":{"line":107,"column":9}},"type":"if","locations":[{"start":{"line":103,"column":8},"end":{"line":107,"column":9}},{"start":{},"end":{}}],"line":103},"3":{"loc":{"start":{"line":112,"column":12},"end":{"line":120,"column":13}},"type":"if","locations":[{"start":{"line":112,"column":12},"end":{"line":120,"column":13}},{"start":{"line":116,"column":19},"end":{"line":120,"column":13}}],"line":112},"4":{"loc":{"start":{"line":148,"column":8},"end":{"line":155,"column":9}},"type":"if","locations":[{"start":{"line":148,"column":8},"end":{"line":155,"column":9}},{"start":{"line":153,"column":15},"end":{"line":155,"column":9}}],"line":148},"5":{"loc":{"start":{"line":161,"column":4},"end":{"line":162,"column":15}},"type":"if","locations":[{"start":{"line":161,"column":4},"end":{"line":162,"column":15}},{"start":{},"end":{}}],"line":161},"6":{"loc":{"start":{"line":164,"column":8},"end":{"line":175,"column":9}},"type":"if","locations":[{"start":{"line":164,"column":8},"end":{"line":175,"column":9}},{"start":{"line":166,"column":15},"end":{"line":175,"column":9}}],"line":164},"7":{"loc":{"start":{"line":168,"column":12},"end":{"line":174,"column":13}},"type":"if","locations":[{"start":{"line":168,"column":12},"end":{"line":174,"column":13}},{"start":{"line":172,"column":19},"end":{"line":174,"column":13}}],"line":168},"8":{"loc":{"start":{"line":198,"column":8},"end":{"line":200,"column":9}},"type":"if","locations":[{"start":{"line":198,"column":8},"end":{"line":200,"column":9}},{"start":{},"end":{}}],"line":198},"9":{"loc":{"start":{"line":266,"column":8},"end":{"line":287,"column":9}},"type":"if","locations":[{"start":{"line":266,"column":8},"end":{"line":287,"column":9}},{"start":{"line":282,"column":15},"end":{"line":287,"column":9}}],"line":266},"10":{"loc":{"start":{"line":271,"column":16},"end":{"line":279,"column":17}},"type":"if","locations":[{"start":{"line":271,"column":16},"end":{"line":279,"column":17}},{"start":{"line":275,"column":23},"end":{"line":279,"column":17}}],"line":271},"11":{"loc":{"start":{"line":317,"column":8},"end":{"line":325,"column":9}},"type":"if","locations":[{"start":{"line":317,"column":8},"end":{"line":325,"column":9}},{"start":{"line":321,"column":15},"end":{"line":325,"column":9}}],"line":317},"12":{"loc":{"start":{"line":339,"column":8},"end":{"line":347,"column":9}},"type":"if","locations":[{"start":{"line":339,"column":8},"end":{"line":347,"column":9}},{"start":{},"end":{}}],"line":339},"13":{"loc":{"start":{"line":339,"column":12},"end":{"line":339,"column":74}},"type":"binary-expr","locations":[{"start":{"line":339,"column":12},"end":{"line":339,"column":23}},{"start":{"line":339,"column":27},"end":{"line":339,"column":49}},{"start":{"line":339,"column":53},"end":{"line":339,"column":74}}],"line":339},"14":{"loc":{"start":{"line":341,"column":12},"end":{"line":346,"column":13}},"type":"if","locations":[{"start":{"line":341,"column":12},"end":{"line":346,"column":13}},{"start":{},"end":{}}],"line":341},"15":{"loc":{"start":{"line":342,"column":16},"end":{"line":343,"column":79}},"type":"binary-expr","locations":[{"start":{"line":342,"column":16},"end":{"line":342,"column":81}},{"start":{"line":343,"column":16},"end":{"line":343,"column":79}}],"line":342}},"s":{"0":1,"1":1,"2":1,"3":1,"4":1,"5":1,"6":1,"7":1,"8":1,"9":1,"10":1,"11":1,"12":1,"13":1,"14":1,"15":12,"16":12,"17":1,"18":2,"19":2,"20":2,"21":2,"22":2,"23":2,"24":2,"25":2,"26":2,"27":2,"28":2,"29":2,"30":0,"31":0,"32":0,"33":0,"34":2,"35":2,"36":2,"37":2,"38":2,"39":0,"40":0,"41":0,"42":0,"43":0,"44":0,"45":0,"46":0,"47":0,"48":1,"49":4,"50":4,"51":4,"52":2,"53":2,"54":2,"55":2,"56":2,"57":43,"58":43,"59":0,"60":43,"61":43,"62":0,"63":43,"64":43,"65":1,"66":1,"67":1,"68":42,"69":1,"70":1,"71":1,"72":1,"73":1,"74":1,"75":1,"76":0,"77":1,"78":1,"79":2,"80":2,"81":2,"82":2,"83":2,"84":2,"85":2,"86":2,"87":2,"88":2,"89":2,"90":2,"91":1,"92":1,"93":1,"94":0,"95":0,"96":0,"97":1,"98":1,"99":1,"100":1,"101":1,"102":1,"103":1,"104":1,"105":3,"106":3,"107":3,"108":3,"109":3,"110":3,"111":3,"112":3,"113":0,"114":0,"115":0,"116":2,"117":2,"118":15,"119":15,"120":12,"121":2,"122":0,"123":1,"124":1,"125":1,"126":1,"127":1},"f":{"0":12,"1":2,"2":2,"3":0,"4":0,"5":4,"6":4,"7":43,"8":43,"9":1,"10":1,"11":2,"12":2,"13":1,"14":3,"15":3,"16":2},"b":{"0":[0,2],"1":[0,0],"2":[2,0],"3":[0,0],"4":[2,2],"5":[0,43],"6":[0,43],"7":[1,42],"8":[0,1],"9":[1,1],"10":[0,1],"11":[3,0],"12":[12,3],"13":[15,15,12],"14":[2,10],"15":[12,2]},"_coverageSchema":"1a1c01bbd47fc00a2c39e90264f33305004495a9","hash":"39bcd993244672bc77c16a20b3ae36335840cb93"}
}
