TN:
SF:studentserver.js
FN:30,(anonymous_0)
FN:75,(anonymous_1)
FN:90,(anonymous_2)
FN:92,(anonymous_3)
FN:110,(anonymous_4)
FN:144,(anonymous_5)
FN:147,(anonymous_6)
FN:159,readFiles
FN:163,(anonymous_8)
FN:191,(anonymous_9)
FN:197,(anonymous_10)
FN:250,(anonymous_11)
FN:265,(anonymous_12)
FN:269,(anonymous_13)
FN:311,(anonymous_14)
FN:315,(anonymous_15)
FN:333,checkStudentExists
FNF:17
FNH:15
FNDA:12,(anonymous_0)
FNDA:2,(anonymous_1)
FNDA:2,(anonymous_2)
FNDA:0,(anonymous_3)
FNDA:0,(anonymous_4)
FNDA:4,(anonymous_5)
FNDA:4,(anonymous_6)
FNDA:43,readFiles
FNDA:43,(anonymous_8)
FNDA:1,(anonymous_9)
FNDA:1,(anonymous_10)
FNDA:2,(anonymous_11)
FNDA:2,(anonymous_12)
FNDA:1,(anonymous_13)
FNDA:3,(anonymous_14)
FNDA:3,(anonymous_15)
FNDA:2,checkStudentExists
DA:3,1
DA:4,1
DA:5,1
DA:6,1
DA:7,1
DA:8,1
DA:10,1
DA:11,1
DA:12,1
DA:23,1
DA:24,1
DA:26,1
DA:27,1
DA:28,1
DA:30,1
DA:31,12
DA:32,12
DA:75,1
DA:76,2
DA:78,2
DA:79,2
DA:80,2
DA:81,2
DA:82,2
DA:83,2
DA:85,2
DA:86,2
DA:88,2
DA:90,2
DA:91,2
DA:92,0
DA:93,0
DA:94,0
DA:96,0
DA:100,2
DA:103,2
DA:104,2
DA:105,2
DA:106,2
DA:110,0
DA:111,0
DA:112,0
DA:113,0
DA:114,0
DA:115,0
DA:117,0
DA:118,0
DA:119,0
DA:144,1
DA:145,4
DA:147,4
DA:148,4
DA:149,2
DA:150,2
DA:151,2
DA:152,2
DA:154,2
DA:160,43
DA:161,43
DA:162,0
DA:163,43
DA:164,43
DA:165,0
DA:167,43
DA:168,43
DA:169,1
DA:170,1
DA:171,1
DA:173,42
DA:191,1
DA:192,1
DA:193,1
DA:194,1
DA:195,1
DA:197,1
DA:198,1
DA:199,0
DA:201,1
DA:250,1
DA:251,2
DA:252,2
DA:253,2
DA:254,2
DA:256,2
DA:257,2
DA:258,2
DA:259,2
DA:260,2
DA:262,2
DA:265,2
DA:266,2
DA:269,1
DA:270,1
DA:271,1
DA:272,0
DA:273,0
DA:274,0
DA:276,1
DA:277,1
DA:278,1
DA:283,1
DA:284,1
DA:285,1
DA:286,1
DA:311,1
DA:312,3
DA:313,3
DA:315,3
DA:316,3
DA:317,3
DA:318,3
DA:319,3
DA:320,3
DA:322,0
DA:323,0
DA:324,0
DA:334,2
DA:335,2
DA:336,15
DA:339,15
DA:341,12
DA:345,2
DA:349,0
DA:351,1
DA:352,1
DA:353,1
DA:354,1
DA:356,1
LF:128
LH:105
BRDA:91,0,0,0
BRDA:91,0,1,2
BRDA:93,1,0,0
BRDA:93,1,1,0
BRDA:103,2,0,2
BRDA:103,2,1,0
BRDA:112,3,0,0
BRDA:112,3,1,0
BRDA:148,4,0,2
BRDA:148,4,1,2
BRDA:161,5,0,0
BRDA:161,5,1,43
BRDA:164,6,0,0
BRDA:164,6,1,43
BRDA:168,7,0,1
BRDA:168,7,1,42
BRDA:198,8,0,0
BRDA:198,8,1,1
BRDA:266,9,0,1
BRDA:266,9,1,1
BRDA:271,10,0,0
BRDA:271,10,1,1
BRDA:317,11,0,3
BRDA:317,11,1,0
BRDA:339,12,0,12
BRDA:339,12,1,3
BRDA:339,13,0,15
BRDA:339,13,1,15
BRDA:339,13,2,12
BRDA:341,14,0,2
BRDA:341,14,1,10
BRDA:342,15,0,12
BRDA:342,15,1,2
BRF:33
BRH:22
end_of_record
